[debug] [2023-12-30T09:06:14.765Z] ----------------------------------------------------------------------
[debug] [2023-12-30T09:06:14.767Z] Command:       C:\Program Files\nodejs\node.exe C:\Users\user\AppData\Roaming\npm\node_modules\firebase-tools\lib\bin\firebase.js init
[debug] [2023-12-30T09:06:14.768Z] CLI Version:   12.7.0
[debug] [2023-12-30T09:06:14.768Z] Platform:      win32
[debug] [2023-12-30T09:06:14.768Z] Node Version:  v18.14.0
[debug] [2023-12-30T09:06:14.769Z] Time:          Sat Dec 30 2023 11:06:14 GMT+0200 (Eastern European Standard Time)
[debug] [2023-12-30T09:06:14.770Z] ----------------------------------------------------------------------
[debug] 
[debug] [2023-12-30T09:06:14.860Z] > command requires scopes: ["email","openid","https://www.googleapis.com/auth/cloudplatformprojects.readonly","https://www.googleapis.com/auth/firebase","https://www.googleapis.com/auth/cloud-platform"]
[debug] [2023-12-30T09:06:14.860Z] > authorizing via signed-in user (mohamedmedhatt432@gmail.com)
[info] 
     ######## #### ########  ######## ########     ###     ######  ########
     ##        ##  ##     ## ##       ##     ##  ##   ##  ##       ##
     ######    ##  ########  ######   ########  #########  ######  ######
     ##        ##  ##    ##  ##       ##     ## ##     ##       ## ##
     ##       #### ##     ## ######## ########  ##     ##  ######  ########

You're about to initialize a Firebase project in this directory:

  D:\Download\Resala-Cup-main

Before we get started, keep in mind:

  * You are initializing within an existing Firebase project directory

